In file included from [01m[K/workspaces/CEVT/src/cevt/src/cevt.cpp:19[m[K:
[01m[K/workspaces/CEVT/src/cevt/src/point_detect.hpp:[m[K In member function â€˜[01m[Kvoid EngineerVisual::PointDetect::Processing(cv::Mat&, cv::Point2f)[m[Kâ€™:
[01m[K/workspaces/CEVT/src/cevt/src/point_detect.hpp:242:40:[m[K [01;31m[Kerror: [m[Kâ€˜[01m[Ki[m[Kâ€™ was not declared in this scope
  242 |       cv::drawContours(original, cors, [01;31m[Ki[m[K, cv::Scalar(100, 100, 255));
      |                                        [01;31m[K^[m[K
gmake[2]: *** [CMakeFiles/cevt.dir/build.make:76: CMakeFiles/cevt.dir/src/cevt.cpp.o] Error 1
gmake[1]: *** [CMakeFiles/Makefile2:137: CMakeFiles/cevt.dir/all] Error 2
gmake: *** [Makefile:146: all] Error 2
