[35m[1mConsolidate compiler generated dependencies of target cevt[0m
[ 33%] [32mBuilding CXX object CMakeFiles/cevt.dir/src/cevt.cpp.o[0m
In file included from [01m[K/workspaces/CEVT/src/cevt/src/cevt.cpp:19[m[K:
[01m[K/workspaces/CEVT/src/cevt/src/point_detect.hpp:[m[K In member function â€˜[01m[Kbool EngineerVisual::PointDetect::GetR(cv::Mat&, cv::Point2f&, float&)[m[Kâ€™:
[01m[K/workspaces/CEVT/src/cevt/src/point_detect.hpp:96:26:[m[K [01;31m[Kerror: [m[Kâ€˜[01m[KCHAIN_cors[m[Kâ€™ is not a member of â€˜[01m[Kcv[m[Kâ€™
   96 |                      cv::[01;31m[KCHAIN_cors[m[K[i] _NONE);
      |                          [01;31m[K^~~~~~~~~~[m[K
[01m[K/workspaces/CEVT/src/cevt/src/point_detect.hpp:96:37:[m[K [01;31m[Kerror: [m[Kâ€˜[01m[Ki[m[Kâ€™ was not declared in this scope
   96 |                      cv::CHAIN_cors[[01;31m[Ki[m[K] _NONE);
      |                                     [01;31m[K^[m[K
[01m[K/workspaces/CEVT/src/cevt/src/point_detect.hpp:[m[K In member function â€˜[01m[Kbool EngineerVisual::PointDetect::GetFlyswatter(cv::Mat&, cv::Mat&, cv::Point2f&)[m[Kâ€™:
[01m[K/workspaces/CEVT/src/cevt/src/point_detect.hpp:141:22:[m[K [01;31m[Kerror: [m[Kâ€˜[01m[KCHAIN_cors[m[Kâ€™ is not a member of â€˜[01m[Kcv[m[Kâ€™
  141 |                  cv::[01;31m[KCHAIN_cors[m[K[i] _NONE);
      |                      [01;31m[K^~~~~~~~~~[m[K
[01m[K/workspaces/CEVT/src/cevt/src/point_detect.hpp:141:33:[m[K [01;31m[Kerror: [m[Kâ€˜[01m[Ki[m[Kâ€™ was not declared in this scope
  141 |                  cv::CHAIN_cors[[01;31m[Ki[m[K] _NONE);
      |                                 [01;31m[K^[m[K
gmake[2]: *** [CMakeFiles/cevt.dir/build.make:76: CMakeFiles/cevt.dir/src/cevt.cpp.o] Error 1
gmake[1]: *** [CMakeFiles/Makefile2:137: CMakeFiles/cevt.dir/all] Error 2
gmake: *** [Makefile:146: all] Error 2
