In file included from [01m[K/workspaces/CEVT/src/cevt/src/cevt.cpp:19[m[K:
[01m[K/workspaces/CEVT/src/cevt/src/point_detect.hpp:173:3:[m[K [01;31m[Kerror: [m[Kâ€˜[01m[Kpnpsolver[m[Kâ€™ does not name a type; did you mean â€˜[01m[KPNPSolver[m[Kâ€™?
  173 |   [01;31m[Kpnpsolver[m[K.Points2D = input_camera;
      |   [01;31m[K^~~~~~~~~[m[K
      |   [32m[KPNPSolver[m[K
[01m[K/workspaces/CEVT/src/cevt/src/point_detect.hpp:174:3:[m[K [01;31m[Kerror: [m[Kâ€˜[01m[Kpnpsolver[m[Kâ€™ does not name a type; did you mean â€˜[01m[KPNPSolver[m[Kâ€™?
  174 |   [01;31m[Kpnpsolver[m[K.Points3D = input_world;
      |   [01;31m[K^~~~~~~~~[m[K
      |   [32m[KPNPSolver[m[K
[01m[K/workspaces/CEVT/src/cevt/src/point_detect.hpp:178:3:[m[K [01;31m[Kerror: [m[Kexpected unqualified-id before â€˜[01m[Kif[m[Kâ€™
  178 |   [01;31m[Kif[m[K (pnpsolver.Solve(PNPSolver::METHOD::CV_IPPE) == 0) {
      |   [01;31m[K^~[m[K
[01m[K/workspaces/CEVT/src/cevt/src/point_detect.hpp:191:14:[m[K [01;31m[Kerror: [m[Kexpected identifier before string constant
  191 |   cv::imshow([01;31m[K"Point of Contours"[m[K,
      |              [01;31m[K^~~~~~~~~~~~~~~~~~~[m[K
[01m[K/workspaces/CEVT/src/cevt/src/point_detect.hpp:191:14:[m[K [01;31m[Kerror: [m[Kexpected â€˜[01m[K,[m[Kâ€™ or â€˜[01m[K...[m[Kâ€™ before string constant
[01m[K/workspaces/CEVT/src/cevt/src/point_detect.hpp:191:3:[m[K [01;31m[Kerror: [m[KISO C++ forbids declaration of â€˜[01m[Kimshow[m[Kâ€™ with no type [[01;31m[K]8;;https://gcc.gnu.org/onlinedocs/gcc/Warning-Options.html#index-fpermissive-fpermissive]8;;[m[K]
  191 |   [01;31m[Kcv[m[K::imshow("Point of Contours",
      |   [01;31m[K^~[m[K
[01m[K/workspaces/CEVT/src/cevt/src/point_detect.hpp:191:3:[m[K [01;31m[Kerror: [m[Kinvalid use of â€˜[01m[K::[m[Kâ€™
[01m[K/workspaces/CEVT/src/cevt/src/point_detect.hpp:193:15:[m[K [01;31m[Kerror: [m[Kexpected identifier before numeric constant
  193 |   cv::waitKey([01;31m[K10[m[K);
      |               [01;31m[K^~[m[K
[01m[K/workspaces/CEVT/src/cevt/src/point_detect.hpp:193:15:[m[K [01;31m[Kerror: [m[Kexpected â€˜[01m[K,[m[Kâ€™ or â€˜[01m[K...[m[Kâ€™ before numeric constant
[01m[K/workspaces/CEVT/src/cevt/src/point_detect.hpp:193:3:[m[K [01;31m[Kerror: [m[KISO C++ forbids declaration of â€˜[01m[KwaitKey[m[Kâ€™ with no type [[01;31m[K]8;;https://gcc.gnu.org/onlinedocs/gcc/Warning-Options.html#index-fpermissive-fpermissive]8;;[m[K]
  193 |   [01;31m[Kcv[m[K::waitKey(10);
      |   [01;31m[K^~[m[K
[01m[K/workspaces/CEVT/src/cevt/src/point_detect.hpp:193:3:[m[K [01;31m[Kerror: [m[Kinvalid use of â€˜[01m[K::[m[Kâ€™
[01m[K/workspaces/CEVT/src/cevt/src/point_detect.hpp:[m[K In constructor â€˜[01m[KEngineerVisual::PointDetect::PointDetect()[m[Kâ€™:
[01m[K/workspaces/CEVT/src/cevt/src/point_detect.hpp:38:19:[m[K [01;31m[Kerror: [m[Kclass â€˜[01m[KEngineerVisual::PointDetect[m[Kâ€™ does not have any field named â€˜[01m[Kpnpsolver[m[Kâ€™
   38 |   PointDetect() : [01;31m[Kpnpsolver[m[K() {
      |                   [01;31m[K^~~~~~~~~[m[K
[01m[K/workspaces/CEVT/src/cevt/src/point_detect.hpp:42:5:[m[K [01;31m[Kerror: [m[Kâ€˜[01m[Kpnpsolver[m[Kâ€™ was not declared in this scope; did you mean â€˜[01m[KPNPSolver[m[Kâ€™?
   42 |     [01;31m[Kpnpsolver[m[K.SetCameraMatrix(1.722231837421459e+03, 1.724876404292754e+03,
      |     [01;31m[K^~~~~~~~~[m[K
      |     [32m[KPNPSolver[m[K
[01m[K/workspaces/CEVT/src/cevt/src/point_detect.hpp:48:7:[m[K [01;31m[Kerror: [m[Kâ€˜[01m[Kfilter[m[Kâ€™ was not declared in this scope
   48 |       [01;31m[Kfilter[m[K.push({});
      |       [01;31m[K^~~~~~[m[K
[01m[K/workspaces/CEVT/src/cevt/src/point_detect.hpp:[m[K In member function â€˜[01m[Kvoid EngineerVisual::PointDetect::Calculate(cv::Mat&)[m[Kâ€™:
[01m[K/workspaces/CEVT/src/cevt/src/point_detect.hpp:52:5:[m[K [01;31m[Kerror: [m[Kâ€˜[01m[Koriginal[m[Kâ€™ was not declared in this scope
   52 |     [01;31m[Koriginal[m[K = cv::Mat(image);
      |     [01;31m[K^~~~~~~~[m[K
[01m[K/workspaces/CEVT/src/cevt/src/point_detect.hpp:[m[K In member function â€˜[01m[KEigen::Quaternionf& EngineerVisual::PointDetect::Rotate()[m[Kâ€™:
[01m[K/workspaces/CEVT/src/cevt/src/point_detect.hpp:57:41:[m[K [01;31m[Kerror: [m[Kinvalid initialization of non-const reference of type â€˜[01m[KEigen::Quaternionf&[m[Kâ€™ {aka â€˜[01m[KEigen::Quaternion<float>&[m[Kâ€™} from an rvalue of type â€˜[01m[K<unresolved overloaded function type>[m[Kâ€™
   57 |   Eigen::Quaternionf &Rotate() { return [01;31m[Krotate[m[K; }
      |                                         [01;31m[K^~~~~~[m[K
[01m[K/workspaces/CEVT/src/cevt/src/point_detect.hpp:[m[K In member function â€˜[01m[KEigen::Vector3f& EngineerVisual::PointDetect::Position()[m[Kâ€™:
[01m[K/workspaces/CEVT/src/cevt/src/point_detect.hpp:58:40:[m[K [01;31m[Kerror: [m[Kâ€˜[01m[Kposition[m[Kâ€™ was not declared in this scope; did you mean â€˜[01m[KPosition[m[Kâ€™?
   58 |   Eigen::Vector3f &Position() { return [01;31m[Kposition[m[K; }
      |                                        [01;31m[K^~~~~~~~[m[K
      |                                        [32m[KPosition[m[K
[01m[K/workspaces/CEVT/src/cevt/src/point_detect.hpp:[m[K At global scope:
[01m[K/workspaces/CEVT/src/cevt/src/point_detect.hpp:194:11:[m[K [01;31m[Kerror: [m[Kexpected initializer before â€˜[01m[Koriginal[m[Kâ€™
  194 | } cv::Mat [01;31m[Koriginal[m[K;
      |           [01;31m[K^~~~~~~~[m[K
[01m[K/workspaces/CEVT/src/cevt/src/point_detect.hpp:204:1:[m[K [01;31m[Kerror: [m[Kexpected declaration before â€˜[01m[K}[m[Kâ€™ token
  204 | [01;31m[K}[m[K // namespace EngineerVisual
      | [01;31m[K^[m[K
gmake[2]: *** [CMakeFiles/cevt.dir/build.make:76: CMakeFiles/cevt.dir/src/cevt.cpp.o] Error 1
gmake[1]: *** [CMakeFiles/Makefile2:137: CMakeFiles/cevt.dir/all] Error 2
gmake: *** [Makefile:146: all] Error 2
