[0.021s] Invoking command in '/workspaces/CEVT/src/build/cevt': CMAKE_PREFIX_PATH=${CMAKE_PREFIX_PATH}:/opt/ros/humble /usr/bin/cmake --build /workspaces/CEVT/src/build/cevt -- -j20 -l20
[0.057s] [ 33%] [32mBuilding CXX object CMakeFiles/cevt.dir/src/cevt.cpp.o[0m
[2.260s] In file included from [01m[K/workspaces/CEVT/src/cevt/src/cevt.cpp:19[m[K:
[2.260s] [01m[K/workspaces/CEVT/src/cevt/src/point_detect.hpp:173:3:[m[K [01;31m[Kerror: [m[Kâ€˜[01m[Kpnpsolver[m[Kâ€™ does not name a type; did you mean â€˜[01m[KPNPSolver[m[Kâ€™?
[2.260s]   173 |   [01;31m[Kpnpsolver[m[K.Points2D = input_camera;
[2.260s]       |   [01;31m[K^~~~~~~~~[m[K
[2.260s]       |   [32m[KPNPSolver[m[K
[2.261s] [01m[K/workspaces/CEVT/src/cevt/src/point_detect.hpp:174:3:[m[K [01;31m[Kerror: [m[Kâ€˜[01m[Kpnpsolver[m[Kâ€™ does not name a type; did you mean â€˜[01m[KPNPSolver[m[Kâ€™?
[2.261s]   174 |   [01;31m[Kpnpsolver[m[K.Points3D = input_world;
[2.261s]       |   [01;31m[K^~~~~~~~~[m[K
[2.261s]       |   [32m[KPNPSolver[m[K
[2.262s] [01m[K/workspaces/CEVT/src/cevt/src/point_detect.hpp:178:3:[m[K [01;31m[Kerror: [m[Kexpected unqualified-id before â€˜[01m[Kif[m[Kâ€™
[2.262s]   178 |   [01;31m[Kif[m[K (pnpsolver.Solve(PNPSolver::METHOD::CV_IPPE) == 0) {
[2.262s]       |   [01;31m[K^~[m[K
[2.262s] [01m[K/workspaces/CEVT/src/cevt/src/point_detect.hpp:191:14:[m[K [01;31m[Kerror: [m[Kexpected identifier before string constant
[2.262s]   191 |   cv::imshow([01;31m[K"Point of Contours"[m[K,
[2.262s]       |              [01;31m[K^~~~~~~~~~~~~~~~~~~[m[K
[2.262s] [01m[K/workspaces/CEVT/src/cevt/src/point_detect.hpp:191:14:[m[K [01;31m[Kerror: [m[Kexpected â€˜[01m[K,[m[Kâ€™ or â€˜[01m[K...[m[Kâ€™ before string constant
[2.262s] [01m[K/workspaces/CEVT/src/cevt/src/point_detect.hpp:191:3:[m[K [01;31m[Kerror: [m[KISO C++ forbids declaration of â€˜[01m[Kimshow[m[Kâ€™ with no type [[01;31m[K]8;;https://gcc.gnu.org/onlinedocs/gcc/Warning-Options.html#index-fpermissive-fpermissive]8;;[m[K]
[2.262s]   191 |   [01;31m[Kcv[m[K::imshow("Point of Contours",
[2.262s]       |   [01;31m[K^~[m[K
[2.262s] [01m[K/workspaces/CEVT/src/cevt/src/point_detect.hpp:191:3:[m[K [01;31m[Kerror: [m[Kinvalid use of â€˜[01m[K::[m[Kâ€™
[2.262s] [01m[K/workspaces/CEVT/src/cevt/src/point_detect.hpp:193:15:[m[K [01;31m[Kerror: [m[Kexpected identifier before numeric constant
[2.262s]   193 |   cv::waitKey([01;31m[K10[m[K);
[2.262s]       |               [01;31m[K^~[m[K
[2.262s] [01m[K/workspaces/CEVT/src/cevt/src/point_detect.hpp:193:15:[m[K [01;31m[Kerror: [m[Kexpected â€˜[01m[K,[m[Kâ€™ or â€˜[01m[K...[m[Kâ€™ before numeric constant
[2.262s] [01m[K/workspaces/CEVT/src/cevt/src/point_detect.hpp:193:3:[m[K [01;31m[Kerror: [m[KISO C++ forbids declaration of â€˜[01m[KwaitKey[m[Kâ€™ with no type [[01;31m[K]8;;https://gcc.gnu.org/onlinedocs/gcc/Warning-Options.html#index-fpermissive-fpermissive]8;;[m[K]
[2.262s]   193 |   [01;31m[Kcv[m[K::waitKey(10);
[2.262s]       |   [01;31m[K^~[m[K
[2.262s] [01m[K/workspaces/CEVT/src/cevt/src/point_detect.hpp:193:3:[m[K [01;31m[Kerror: [m[Kinvalid use of â€˜[01m[K::[m[Kâ€™
[2.262s] [01m[K/workspaces/CEVT/src/cevt/src/point_detect.hpp:[m[K In constructor â€˜[01m[KEngineerVisual::PointDetect::PointDetect()[m[Kâ€™:
[2.262s] [01m[K/workspaces/CEVT/src/cevt/src/point_detect.hpp:38:19:[m[K [01;31m[Kerror: [m[Kclass â€˜[01m[KEngineerVisual::PointDetect[m[Kâ€™ does not have any field named â€˜[01m[Kpnpsolver[m[Kâ€™
[2.262s]    38 |   PointDetect() : [01;31m[Kpnpsolver[m[K() {
[2.262s]       |                   [01;31m[K^~~~~~~~~[m[K
[2.266s] [01m[K/workspaces/CEVT/src/cevt/src/point_detect.hpp:42:5:[m[K [01;31m[Kerror: [m[Kâ€˜[01m[Kpnpsolver[m[Kâ€™ was not declared in this scope; did you mean â€˜[01m[KPNPSolver[m[Kâ€™?
[2.266s]    42 |     [01;31m[Kpnpsolver[m[K.SetCameraMatrix(1.722231837421459e+03, 1.724876404292754e+03,
[2.266s]       |     [01;31m[K^~~~~~~~~[m[K
[2.267s]       |     [32m[KPNPSolver[m[K
[2.270s] [01m[K/workspaces/CEVT/src/cevt/src/point_detect.hpp:48:7:[m[K [01;31m[Kerror: [m[Kâ€˜[01m[Kfilter[m[Kâ€™ was not declared in this scope
[2.270s]    48 |       [01;31m[Kfilter[m[K.push({});
[2.270s]       |       [01;31m[K^~~~~~[m[K
[2.274s] [01m[K/workspaces/CEVT/src/cevt/src/point_detect.hpp:[m[K In member function â€˜[01m[Kvoid EngineerVisual::PointDetect::Calculate(cv::Mat&)[m[Kâ€™:
[2.274s] [01m[K/workspaces/CEVT/src/cevt/src/point_detect.hpp:52:5:[m[K [01;31m[Kerror: [m[Kâ€˜[01m[Koriginal[m[Kâ€™ was not declared in this scope
[2.274s]    52 |     [01;31m[Koriginal[m[K = cv::Mat(image);
[2.274s]       |     [01;31m[K^~~~~~~~[m[K
[2.275s] [01m[K/workspaces/CEVT/src/cevt/src/point_detect.hpp:[m[K In member function â€˜[01m[KEigen::Quaternionf& EngineerVisual::PointDetect::Rotate()[m[Kâ€™:
[2.275s] [01m[K/workspaces/CEVT/src/cevt/src/point_detect.hpp:57:41:[m[K [01;31m[Kerror: [m[Kinvalid initialization of non-const reference of type â€˜[01m[KEigen::Quaternionf&[m[Kâ€™ {aka â€˜[01m[KEigen::Quaternion<float>&[m[Kâ€™} from an rvalue of type â€˜[01m[K<unresolved overloaded function type>[m[Kâ€™
[2.275s]    57 |   Eigen::Quaternionf &Rotate() { return [01;31m[Krotate[m[K; }
[2.275s]       |                                         [01;31m[K^~~~~~[m[K
[2.278s] [01m[K/workspaces/CEVT/src/cevt/src/point_detect.hpp:[m[K In member function â€˜[01m[KEigen::Vector3f& EngineerVisual::PointDetect::Position()[m[Kâ€™:
[2.278s] [01m[K/workspaces/CEVT/src/cevt/src/point_detect.hpp:58:40:[m[K [01;31m[Kerror: [m[Kâ€˜[01m[Kposition[m[Kâ€™ was not declared in this scope; did you mean â€˜[01m[KPosition[m[Kâ€™?
[2.278s]    58 |   Eigen::Vector3f &Position() { return [01;31m[Kposition[m[K; }
[2.278s]       |                                        [01;31m[K^~~~~~~~[m[K
[2.278s]       |                                        [32m[KPosition[m[K
[2.298s] [01m[K/workspaces/CEVT/src/cevt/src/point_detect.hpp:[m[K At global scope:
[2.298s] [01m[K/workspaces/CEVT/src/cevt/src/point_detect.hpp:194:11:[m[K [01;31m[Kerror: [m[Kexpected initializer before â€˜[01m[Koriginal[m[Kâ€™
[2.298s]   194 | } cv::Mat [01;31m[Koriginal[m[K;
[2.298s]       |           [01;31m[K^~~~~~~~[m[K
[2.300s] [01m[K/workspaces/CEVT/src/cevt/src/point_detect.hpp:204:1:[m[K [01;31m[Kerror: [m[Kexpected declaration before â€˜[01m[K}[m[Kâ€™ token
[2.300s]   204 | [01;31m[K}[m[K // namespace EngineerVisual
[2.300s]       | [01;31m[K^[m[K
[3.046s] gmake[2]: *** [CMakeFiles/cevt.dir/build.make:76: CMakeFiles/cevt.dir/src/cevt.cpp.o] Error 1
[3.047s] gmake[1]: *** [CMakeFiles/Makefile2:137: CMakeFiles/cevt.dir/all] Error 2
[3.047s] gmake: *** [Makefile:146: all] Error 2
[3.049s] Invoked command in '/workspaces/CEVT/src/build/cevt' returned '2': CMAKE_PREFIX_PATH=${CMAKE_PREFIX_PATH}:/opt/ros/humble /usr/bin/cmake --build /workspaces/CEVT/src/build/cevt -- -j20 -l20
