[35m[1mConsolidate compiler generated dependencies of target cevt[0m
[ 33%] [32mBuilding CXX object CMakeFiles/cevt.dir/src/cevt.cpp.o[0m
In file included from [01m[K/workspaces/CEVT/src/cevt/src/cevt.cpp:19[m[K:
[01m[K/workspaces/CEVT/src/cevt/src/point_detect.hpp:[m[K In member function â€˜[01m[Kvoid EngineerVisual::PointDetect::Calculate(cv::Mat&)[m[Kâ€™:
[01m[K/workspaces/CEVT/src/cevt/src/point_detect.hpp:71:15:[m[K [01;31m[Kerror: [m[Kno matching function for call to â€˜[01m[KEngineerVisual::PointDetect::Processing(cv::Mat&)[m[Kâ€™
   71 |     [01;31m[KProcessing(roi)[m[K;
      |     [01;31m[K~~~~~~~~~~^~~~~[m[K
[01m[K/workspaces/CEVT/src/cevt/src/point_detect.hpp:212:8:[m[K [01;36m[Knote: [m[Kcandidate: â€˜[01m[Kvoid EngineerVisual::PointDetect::Processing(cv::Mat&, cv::Point2f)[m[Kâ€™
  212 |   void [01;36m[KProcessing[m[K(cv::Mat &image, cv::Point2f rRadius) {
      |        [01;36m[K^~~~~~~~~~[m[K
[01m[K/workspaces/CEVT/src/cevt/src/point_detect.hpp:212:8:[m[K [01;36m[Knote: [m[K  candidate expects 2 arguments, 1 provided
gmake[2]: *** [CMakeFiles/cevt.dir/build.make:76: CMakeFiles/cevt.dir/src/cevt.cpp.o] Error 1
gmake[1]: *** [CMakeFiles/Makefile2:137: CMakeFiles/cevt.dir/all] Error 2
gmake: *** [Makefile:146: all] Error 2
