[0.020s] Invoking command in '/workspaces/CEVT/src/build/cevt': CMAKE_PREFIX_PATH=${CMAKE_PREFIX_PATH}:/opt/ros/humble /usr/bin/cmake --build /workspaces/CEVT/src/build/cevt -- -j20 -l20
[0.044s] [35m[1mConsolidate compiler generated dependencies of target cevt[0m
[0.058s] [ 33%] [32mBuilding CXX object CMakeFiles/cevt.dir/src/cevt.cpp.o[0m
[2.266s] In file included from [01m[K/workspaces/CEVT/src/cevt/src/cevt.cpp:19[m[K:
[2.266s] [01m[K/workspaces/CEVT/src/cevt/src/point_detect.hpp:[m[K In member function â€˜[01m[Kvoid EngineerVisual::PointDetect::Processing(cv::Mat&)[m[Kâ€™:
[2.266s] [01m[K/workspaces/CEVT/src/cevt/src/point_detect.hpp:172:11:[m[K [01;31m[Kerror: [m[Kâ€˜[01m[Ka[m[Kâ€™ was not declared in this scope
[2.266s]   172 |       if ([01;31m[Ka[m[K.z() > 0) {
[2.266s]       |           [01;31m[K^[m[K
[3.045s] gmake[2]: *** [CMakeFiles/cevt.dir/build.make:76: CMakeFiles/cevt.dir/src/cevt.cpp.o] Error 1
[3.046s] gmake[1]: *** [CMakeFiles/Makefile2:137: CMakeFiles/cevt.dir/all] Error 2
[3.046s] gmake: *** [Makefile:146: all] Error 2
[3.048s] Invoked command in '/workspaces/CEVT/src/build/cevt' returned '2': CMAKE_PREFIX_PATH=${CMAKE_PREFIX_PATH}:/opt/ros/humble /usr/bin/cmake --build /workspaces/CEVT/src/build/cevt -- -j20 -l20
