[0.020s] Invoking command in '/workspaces/CEVT/src/build/cevt': CMAKE_PREFIX_PATH=${CMAKE_PREFIX_PATH}:/opt/ros/humble /usr/bin/cmake --build /workspaces/CEVT/src/build/cevt -- -j20 -l20
[0.045s] [35m[1mConsolidate compiler generated dependencies of target cevt[0m
[0.059s] [ 33%] [32mBuilding CXX object CMakeFiles/cevt.dir/src/cevt.cpp.o[0m
[0.313s] In file included from [01m[K/workspaces/CEVT/src/cevt/src/cevt.cpp:19[m[K:
[0.313s] [01m[K/workspaces/CEVT/src/cevt/src/point_detect.hpp:164:5:[m[K [01;31m[Kerror: [m[Kunterminated comment
[0.313s]   164 |     [01;31m[K/[m[K*
[0.314s]       |     [01;31m[K^[m[K
[2.269s] [01m[K/workspaces/CEVT/src/cevt/src/cevt.cpp:112:2:[m[K [01;31m[Kerror: [m[Kexpected â€˜[01m[K}[m[Kâ€™ at end of input
[2.269s]   112 | }
[2.269s]       |  [01;31m[K^[m[K
[2.269s] In file included from [01m[K/workspaces/CEVT/src/cevt/src/cevt.cpp:19[m[K:
[2.269s] [01m[K/workspaces/CEVT/src/cevt/src/point_detect.hpp:38:19:[m[K [01;36m[Knote: [m[Kto match this â€˜[01m[K{[m[Kâ€™
[2.270s]    38 | class PointDetect [01;36m[K{[m[K
[2.270s]       |                   [01;36m[K^[m[K
[2.270s] [01m[K/workspaces/CEVT/src/cevt/src/point_detect.hpp:[m[K In constructor â€˜[01m[KEngineerVisual::PointDetect::PointDetect()[m[Kâ€™:
[2.270s] [01m[K/workspaces/CEVT/src/cevt/src/point_detect.hpp:40:19:[m[K [01;31m[Kerror: [m[Kclass â€˜[01m[KEngineerVisual::PointDetect[m[Kâ€™ does not have any field named â€˜[01m[Kpnpsolver[m[Kâ€™
[2.270s]    40 |   PointDetect() : [01;31m[Kpnpsolver[m[K() {
[2.270s]       |                   [01;31m[K^~~~~~~~~[m[K
[2.274s] [01m[K/workspaces/CEVT/src/cevt/src/point_detect.hpp:44:5:[m[K [01;31m[Kerror: [m[Kâ€˜[01m[Kpnpsolver[m[Kâ€™ was not declared in this scope; did you mean â€˜[01m[KPNPSolver[m[Kâ€™?
[2.274s]    44 |     [01;31m[Kpnpsolver[m[K.SetCameraMatrix(1.722231837421459e+03, 1.724876404292754e+03,
[2.274s]       |     [01;31m[K^~~~~~~~~[m[K
[2.274s]       |     [32m[KPNPSolver[m[K
[2.278s] [01m[K/workspaces/CEVT/src/cevt/src/point_detect.hpp:50:7:[m[K [01;31m[Kerror: [m[Kâ€˜[01m[Kfilter[m[Kâ€™ was not declared in this scope
[2.278s]    50 |       [01;31m[Kfilter[m[K.push({});
[2.278s]       |       [01;31m[K^~~~~~[m[K
[2.282s] [01m[K/workspaces/CEVT/src/cevt/src/point_detect.hpp:[m[K In member function â€˜[01m[Kvoid EngineerVisual::PointDetect::Calculate(cv::Mat&)[m[Kâ€™:
[2.282s] [01m[K/workspaces/CEVT/src/cevt/src/point_detect.hpp:54:5:[m[K [01;31m[Kerror: [m[Kâ€˜[01m[Koriginal[m[Kâ€™ was not declared in this scope
[2.282s]    54 |     [01;31m[Koriginal[m[K = cv::Mat(image);
[2.282s]       |     [01;31m[K^~~~~~~~[m[K
[2.286s] [01m[K/workspaces/CEVT/src/cevt/src/point_detect.hpp:68:5:[m[K [01;31m[Kerror: [m[Kâ€˜[01m[KProcessing[m[Kâ€™ was not declared in this scope; did you mean â€˜[01m[KPreprocessing[m[Kâ€™?
[2.286s]    68 |     [01;31m[KProcessing[m[K(image);
[2.286s]       |     [01;31m[K^~~~~~~~~~[m[K
[2.286s]       |     [32m[KPreprocessing[m[K
[2.286s] [01m[K/workspaces/CEVT/src/cevt/src/point_detect.hpp:[m[K In member function â€˜[01m[KEigen::Quaternionf& EngineerVisual::PointDetect::Rotate()[m[Kâ€™:
[2.286s] [01m[K/workspaces/CEVT/src/cevt/src/point_detect.hpp:70:41:[m[K [01;31m[Kerror: [m[Kinvalid initialization of non-const reference of type â€˜[01m[KEigen::Quaternionf&[m[Kâ€™ {aka â€˜[01m[KEigen::Quaternion<float>&[m[Kâ€™} from an rvalue of type â€˜[01m[K<unresolved overloaded function type>[m[Kâ€™
[2.286s]    70 |   Eigen::Quaternionf &Rotate() { return [01;31m[Krotate[m[K; }
[2.286s]       |                                         [01;31m[K^~~~~~[m[K
[2.290s] [01m[K/workspaces/CEVT/src/cevt/src/point_detect.hpp:[m[K In member function â€˜[01m[KEigen::Vector3f& EngineerVisual::PointDetect::Position()[m[Kâ€™:
[2.290s] [01m[K/workspaces/CEVT/src/cevt/src/point_detect.hpp:71:40:[m[K [01;31m[Kerror: [m[Kâ€˜[01m[Kposition[m[Kâ€™ was not declared in this scope; did you mean â€˜[01m[KPosition[m[Kâ€™?
[2.290s]    71 |   Eigen::Vector3f &Position() { return [01;31m[Kposition[m[K; }
[2.290s]       |                                        [01;31m[K^~~~~~~~[m[K
[2.290s]       |                                        [32m[KPosition[m[K
[2.299s] [01m[K/workspaces/CEVT/src/cevt/src/point_detect.hpp:[m[K In member function â€˜[01m[Kbool EngineerVisual::PointDetect::GetR(cv::Mat&, cv::Point2f&, float&)[m[Kâ€™:
[2.299s] [01m[K/workspaces/CEVT/src/cevt/src/point_detect.hpp:117:16:[m[K [01;31m[Kerror: [m[Kâ€˜[01m[Koriginal[m[Kâ€™ was not declared in this scope
[2.299s]   117 |     cv::circle([01;31m[Koriginal[m[K, center, radius, cv::Scalar(200), -1, 8, 0);
[2.299s]       |                [01;31m[K^~~~~~~~[m[K
[2.303s] [01m[K/workspaces/CEVT/src/cevt/src/point_detect.hpp:[m[K In member function â€˜[01m[Kbool EngineerVisual::PointDetect::GetFlyswatter(cv::Mat&, cv::Point2f&)[m[Kâ€™:
[2.303s] [01m[K/workspaces/CEVT/src/cevt/src/point_detect.hpp:140:24:[m[K [01;31m[Kerror: [m[Kâ€˜[01m[Koriginal[m[Kâ€™ was not declared in this scope
[2.303s]   140 |       cv::drawContours([01;31m[Koriginal[m[K, outlines, i, cv::Scalar(100), 4);
[2.303s]       |                        [01;31m[K^~~~~~~~[m[K
[2.304s] [01m[K/workspaces/CEVT/src/cevt/src/cevt.cpp:22:1:[m[K [01;31m[Kerror: [m[Kâ€˜[01m[Knamespace[m[Kâ€™ definition is not allowed here
[2.304s]    22 | [01;31m[Knamespace[m[K EngineerVisual {
[2.304s]       | [01;31m[K^~~~~~~~~[m[K
[2.315s] [01m[K/workspaces/CEVT/src/cevt/src/cevt.cpp:92:33:[m[K [01;31m[Kerror: [m[Ka function-definition is not allowed here before â€˜[01m[K{[m[Kâ€™ token
[2.315s]    92 | int main(int argc, char **argv) [01;31m[K{[m[K
[2.315s]       |                                 [01;31m[K^[m[K
[2.315s] [01m[K/workspaces/CEVT/src/cevt/src/cevt.cpp:112:2:[m[K [01;31m[Kerror: [m[Kexpected â€˜[01m[K}[m[Kâ€™ at end of input
[2.315s]   112 | }
[2.315s]       |  [01;31m[K^[m[K
[2.315s] In file included from [01m[K/workspaces/CEVT/src/cevt/src/cevt.cpp:19[m[K:
[2.315s] [01m[K/workspaces/CEVT/src/cevt/src/point_detect.hpp:124:60:[m[K [01;36m[Knote: [m[Kto match this â€˜[01m[K{[m[Kâ€™
[2.315s]   124 |   bool GetFlyswatter(cv::Mat &image, cv::Point2f &rCenter) [01;36m[K{[m[K
[2.315s]       |                                                            [01;36m[K^[m[K
[2.315s] [01m[K/workspaces/CEVT/src/cevt/src/point_detect.hpp:162:9:[m[K [01;35m[Kwarning: [m[Kunused variable â€˜[01m[KboxIndex[m[Kâ€™ [[01;35m[K]8;;https://gcc.gnu.org/onlinedocs/gcc/Warning-Options.html#index-Wunused-variable-Wunused-variable]8;;[m[K]
[2.315s]   162 |     int [01;35m[KboxIndex[m[K[2] = {-1, -1};
[2.315s]       |         [01;35m[K^~~~~~~~[m[K
[2.315s] [01m[K/workspaces/CEVT/src/cevt/src/point_detect.hpp:163:11:[m[K [01;35m[Kwarning: [m[Kunused variable â€˜[01m[KboxMaxlength[m[Kâ€™ [[01;35m[K]8;;https://gcc.gnu.org/onlinedocs/gcc/Warning-Options.html#index-Wunused-variable-Wunused-variable]8;;[m[K]
[2.316s]   163 |     float [01;35m[KboxMaxlength[m[K[2]{0, 0};
[2.316s]       |           [01;35m[K^~~~~~~~~~~~[m[K
[2.316s] [01m[K/workspaces/CEVT/src/cevt/src/cevt.cpp:[m[K At global scope:
[2.316s] [01m[K/workspaces/CEVT/src/cevt/src/cevt.cpp:112:2:[m[K [01;31m[Kerror: [m[Kexpected unqualified-id at end of input
[2.316s]   112 | }
[2.316s]       |  [01;31m[K^[m[K
[2.316s] [01m[K/workspaces/CEVT/src/cevt/src/cevt.cpp:112:2:[m[K [01;31m[Kerror: [m[Kexpected â€˜[01m[K}[m[Kâ€™ at end of input
[2.316s] In file included from [01m[K/workspaces/CEVT/src/cevt/src/cevt.cpp:19[m[K:
[2.316s] [01m[K/workspaces/CEVT/src/cevt/src/point_detect.hpp:36:26:[m[K [01;36m[Knote: [m[Kto match this â€˜[01m[K{[m[Kâ€™
[2.316s]    36 | namespace EngineerVisual [01;36m[K{[m[K
[2.316s]       |                          [01;36m[K^[m[K
[2.784s] gmake[2]: *** [CMakeFiles/cevt.dir/build.make:76: CMakeFiles/cevt.dir/src/cevt.cpp.o] Error 1
[2.784s] gmake[1]: *** [CMakeFiles/Makefile2:137: CMakeFiles/cevt.dir/all] Error 2
[2.785s] gmake: *** [Makefile:146: all] Error 2
[2.786s] Invoked command in '/workspaces/CEVT/src/build/cevt' returned '2': CMAKE_PREFIX_PATH=${CMAKE_PREFIX_PATH}:/opt/ros/humble /usr/bin/cmake --build /workspaces/CEVT/src/build/cevt -- -j20 -l20
